<?xml version="1.0" encoding="UTF-8"?>
<robot generator="Robot 3.1.2.1 (Python 3.7.3 on win32)" generated="20200409 01:32:48.366" rpa="false">
<suite id="s1" name="WebAutomation" source="D:\PycharmProjects\RobotFramework-MobileTesting\TestCases\WebAutomation.robot">
<kw name="Wait Until Keyword Succeeds" library="BuiltIn" type="setup">
<doc>Runs the specified keyword and retries if it fails.</doc>
<arguments>
<arg>5x</arg>
<arg>1s</arg>
<arg>Open Browser</arg>
<arg>${Amazon_Url}</arg>
<arg>${Browser}</arg>
<arg>executable_path=${EXECDIR}\\Drivers\\chromedriver.exe</arg>
</arguments>
<kw name="Open Browser" library="SeleniumLibrary">
<doc>Opens a new browser instance to the optional ``url``.</doc>
<arguments>
<arg>${Amazon_Url}</arg>
<arg>${Browser}</arg>
<arg>executable_path=${EXECDIR}\\Drivers\\chromedriver.exe</arg>
</arguments>
<msg timestamp="20200409 01:32:49.006" level="INFO">Opening browser 'chrome' to base url 'https://www.amazon.com'.</msg>
<kw name="Capture Page Screenshot" library="SeleniumLibrary">
<doc>Takes a screenshot of the current page and embeds it into a log file.</doc>
<msg timestamp="20200409 01:32:57.928" level="INFO">Cannot capture screenshot because no browser is open.</msg>
<status status="PASS" starttime="20200409 01:32:57.928" endtime="20200409 01:32:57.928"></status>
</kw>
<msg timestamp="20200409 01:32:57.984" level="FAIL">SessionNotCreatedException: Message: session not created
from disconnected: received Inspector.detached event
  (Session info: chrome=80.0.3987.87)
</msg>
<status status="FAIL" starttime="20200409 01:32:49.006" endtime="20200409 01:32:57.988"></status>
</kw>
<kw name="Open Browser" library="SeleniumLibrary">
<doc>Opens a new browser instance to the optional ``url``.</doc>
<arguments>
<arg>${Amazon_Url}</arg>
<arg>${Browser}</arg>
<arg>executable_path=${EXECDIR}\\Drivers\\chromedriver.exe</arg>
</arguments>
<msg timestamp="20200409 01:32:58.989" level="INFO">Opening browser 'chrome' to base url 'https://www.amazon.com'.</msg>
<errors>
<msg timestamp="20200409 01:33:08.055" level="ERROR">Execution stopped by user.</msg>
</errors>
</robot>
